<?xml version="1.0" encoding="UTF-8"?>
<testsuite name="CourseTest" tests="3" skipped="0" failures="0" errors="0" timestamp="2021-11-02T16:12:44" hostname="LAPTOP-32GIB129" time="0.062">
  <properties/>
  <testcase name="testGetStart()" classname="CourseTest" time="0.059"/>
  <testcase name="testGetName()" classname="CourseTest" time="0.001"/>
  <testcase name="testGetEnd()" classname="CourseTest" time="0.001"/>
  <system-out><![CDATA[]]></system-out>
  <system-err><![CDATA[]]></system-err>
</testsuite>
